<?xml version="1.0" encoding="UTF-8"?>
<!-- Generated by org.testng.reporters.JUnitReportReporter -->
<testsuite hostname="LAPTOP-INVDEND0" failures="0" tests="1" name="PanOrbit.Assignment2.facebookLogin" time="9.707" errors="0" timestamp="2023-03-22T14:10:08 IST" skipped="0">
  <testcase classname="PanOrbit.Assignment2.facebookLogin" name="ReadData" time="9.707"/>
  <system-out/>
</testsuite> <!-- PanOrbit.Assignment2.facebookLogin -->
