<?xml version="1.0" encoding="UTF-8"?>
<!-- Generated by org.testng.reporters.JUnitReportReporter -->
<testsuite hostname="LAPTOP-INVDEND0" failures="0" tests="1" name="PanOrbit.Assignment2.FbLogin" time="10.634" errors="0" timestamp="2023-03-23T17:01:54 IST" skipped="0">
  <testcase classname="PanOrbit.Assignment2.FbLogin" name="Login" time="10.634"/>
  <system-out/>
</testsuite> <!-- PanOrbit.Assignment2.FbLogin -->
